Using pre-set license
Built from '2021.1/staging' branch; Version is '2021.1.14f1 (51d2f824827f) revision 5362424'; Using compiler version '192528614'; Build Type 'Release'
OS: 'Windows 10 Home; OS build 19042.1110; Version 2009; 64bit' Language: 'en' Physical Memory: 16330 MB
BatchMode: 1, IsHumanControllingUs: 0, StartBugReporterOnCrash: 0, Is64bit: 1, IsPro: 0

 COMMAND LINE ARGUMENTS:
C:\Program Files\Unity Editors\2021.1.14f1\Editor\Unity.exe
-adb2
-batchMode
-noUpm
-name
AssetImportWorker0
-projectPath
C:/Users/Ben/Projects/Flicker/Demo
-logFile
Logs/AssetImportWorker0.log
-srvPort
63061
Successfully changed project path to: C:/Users/Ben/Projects/Flicker/Demo
C:/Users/Ben/Projects/Flicker/Demo
Using Asset Import Pipeline V2.
Refreshing native plugins compatible for Editor in 87.16 ms, found 3 plugins.
Preloading 0 native plugins for Editor in 0.00 ms.
Initialize engine version: 2021.1.14f1 (51d2f824827f)
[Subsystems] Discovering subsystems at path C:/Program Files/Unity Editors/2021.1.14f1/Editor/Data/Resources/UnitySubsystems
[Subsystems] Discovering subsystems at path C:/Users/Ben/Projects/Flicker/Demo/Assets
GfxDevice: creating device client; threaded=0; jobified=0
Direct3D:
    Version:  Direct3D 11.0 [level 11.1]
    Renderer: AMD Radeon RX 5700 XT (ID=0x731f)
    Vendor:   ATI
    VRAM:     8151 MB
    Driver:   27.20.15003.1004
Initialize mono
Mono path[0] = 'C:/Program Files/Unity Editors/2021.1.14f1/Editor/Data/Managed'
Mono path[1] = 'C:/Program Files/Unity Editors/2021.1.14f1/Editor/Data/MonoBleedingEdge/lib/mono/unityjit'
Mono config path = 'C:/Program Files/Unity Editors/2021.1.14f1/Editor/Data/MonoBleedingEdge/etc'
Using monoOptions --debugger-agent=transport=dt_socket,embedding=1,server=y,suspend=n,address=127.0.0.1:56796
Begin MonoManager ReloadAssembly
Registering precompiled unity dll's ...
Register platform support module: C:/Program Files/Unity Editors/2021.1.14f1/Editor/Data/PlaybackEngines/WebGLSupport/UnityEditor.WebGL.Extensions.dll
Register platform support module: C:/Program Files/Unity Editors/2021.1.14f1/Editor/Data/PlaybackEngines/MacStandaloneSupport/UnityEditor.OSXStandalone.Extensions.dll
Register platform support module: C:/Program Files/Unity Editors/2021.1.14f1/Editor/Data/PlaybackEngines/WindowsStandaloneSupport/UnityEditor.WindowsStandalone.Extensions.dll
Register platform support module: C:/Program Files/Unity Editors/2021.1.14f1/Editor/Data/PlaybackEngines/LinuxStandaloneSupport/UnityEditor.LinuxStandalone.Extensions.dll
Registered in 0.002416 seconds.
Native extension for LinuxStandalone target not found
Native extension for WindowsStandalone target not found
Native extension for OSXStandalone target not found
Native extension for WebGL target not found
Refreshing native plugins compatible for Editor in 77.03 ms, found 3 plugins.
Preloading 0 native plugins for Editor in 0.00 ms.
Mono: successfully reloaded assembly
- Completed reload, in  2.283 seconds
Domain Reload Profiling:
	ReloadAssembly (2283ms)
		BeginReloadAssembly (44ms)
			ExecutionOrderSort (0ms)
			DisableScriptedObjects (0ms)
			BackupInstance (0ms)
			ReleaseScriptingObjects (0ms)
			CreateAndSetChildDomain (1ms)
		EndReloadAssembly (396ms)
			LoadAssemblies (42ms)
			RebuildTransferFunctionScriptingTraits (0ms)
			SetupTypeCache (138ms)
			ReleaseScriptCaches (0ms)
			RebuildScriptCaches (25ms)
			SetupLoadedEditorAssemblies (196ms)
				LogAssemblyErrors (0ms)
				InitializePlatformSupportModulesInManaged (8ms)
				SetLoadedEditorAssemblies (0ms)
				RefreshPlugins (77ms)
				BeforeProcessingInitializeOnLoad (1ms)
				ProcessInitializeOnLoadAttributes (81ms)
				ProcessInitializeOnLoadMethodAttributes (28ms)
				AfterProcessingInitializeOnLoad (0ms)
				EditorAssembliesLoaded (0ms)
			ExecutionOrderSort2 (0ms)
			AwakeInstancesAfterBackupRestoration (0ms)
Platform modules already initialized, skipping
Registering precompiled user dll's ...
Registered in 0.078143 seconds.
Begin MonoManager ReloadAssembly
Symbol file LoadedFromMemory doesn't match image C:\Users\Ben\Projects\Flicker\Demo\Library\PackageCache\com.unity.visualscripting@1.6.1\Editor\VisualScripting.Core\Dependencies\YamlDotNet\Unity.VisualScripting.YamlDotNet.dll
Symbol file LoadedFromMemory doesn't match image C:\Users\Ben\Projects\Flicker\Demo\Library\PackageCache\com.unity.visualscripting@1.6.1\Editor\VisualScripting.Core\Dependencies\DotNetZip\Unity.VisualScripting.IonicZip.dll
Native extension for LinuxStandalone target not found
Native extension for WindowsStandalone target not found
Native extension for OSXStandalone target not found
Native extension for WebGL target not found
Refreshing native plugins compatible for Editor in 77.39 ms, found 3 plugins.
Preloading 0 native plugins for Editor in 0.00 ms.
Mono: successfully reloaded assembly
- Completed reload, in  1.045 seconds
Domain Reload Profiling:
	ReloadAssembly (1046ms)
		BeginReloadAssembly (127ms)
			ExecutionOrderSort (0ms)
			DisableScriptedObjects (4ms)
			BackupInstance (0ms)
			ReleaseScriptingObjects (0ms)
			CreateAndSetChildDomain (17ms)
		EndReloadAssembly (867ms)
			LoadAssemblies (70ms)
			RebuildTransferFunctionScriptingTraits (0ms)
			SetupTypeCache (290ms)
			ReleaseScriptCaches (1ms)
			RebuildScriptCaches (42ms)
			SetupLoadedEditorAssemblies (382ms)
				LogAssemblyErrors (0ms)
				InitializePlatformSupportModulesInManaged (6ms)
				SetLoadedEditorAssemblies (0ms)
				RefreshPlugins (77ms)
				BeforeProcessingInitializeOnLoad (62ms)
				ProcessInitializeOnLoadAttributes (228ms)
				ProcessInitializeOnLoadMethodAttributes (3ms)
				AfterProcessingInitializeOnLoad (5ms)
				EditorAssembliesLoaded (0ms)
			ExecutionOrderSort2 (0ms)
			AwakeInstancesAfterBackupRestoration (5ms)
Platform modules already initialized, skipping
========================================================================
Worker process is ready to serve import requests
Launched and connected shader compiler UnityShaderCompiler.exe after 0.04 seconds
Refreshing native plugins compatible for Editor in 0.68 ms, found 3 plugins.
Preloading 0 native plugins for Editor in 0.00 ms.
Unloading 3281 Unused Serialized files (Serialized files now loaded: 0)
System memory in use before: 141.8 MB.
System memory in use after: 142.0 MB.

Unloading 24 unused Assets to reduce memory usage. Loaded Objects now: 3753.
Total: 2.182800 ms (FindLiveObjects: 0.266700 ms CreateObjectMapping: 0.078300 ms MarkObjects: 1.775000 ms  DeleteObjects: 0.061400 ms)

AssetImportParameters requested are different than current active one (requested -> active):
  custom:framework-win-MediaFoundation: 216162199b28c13a410421893ffa2e32 -> 
  custom:video-decoder-ogg-theora: a1e56fd34408186e4bbccfd4996cb3dc -> 
  custom:container-muxer-webm: aa71ff27fc2769a1b78a27578f13a17b -> 
  custom:container-demuxer-webm: 4f35f7cbe854078d1ac9338744f61a02 -> 
  custom:container-demuxer-ogg: 62fdf1f143b41e24485cea50d1cbac27 -> 
  custom:video-encoder-webm-vp8: eb34c28f22e8b96e1ab97ce403110664 -> 
  custom:video-decoder-webm-vp8: 9c59270c3fd7afecdb556c50c9e8de78 -> 
  custom:audio-decoder-ogg-vorbis: bf7c407c2cedff20999df2af8eb42d56 -> 
  custom:audio-encoder-webm-vorbis: bf7c407c2cedff20999df2af8eb42d56 -> 
========================================================================
Received Import Request.
  path: Assets/Flicker/Scripts/Utils/Extensions/ArrayExtensions.cs
  artifactKey: Guid(c6903d131dd546242aebd53c4a87222f) Importer(815301076,1909f56bfc062723c751e8b465ee728b)
Start importing Assets/Flicker/Scripts/Utils/Extensions/ArrayExtensions.cs using Guid(c6903d131dd546242aebd53c4a87222f) Importer(815301076,1909f56bfc062723c751e8b465ee728b)  -> (artifact id: '9eeed24476a21267bef72c3271b1eb22') in 0.025847 seconds 
========================================================================
Received Prepare
Registering precompiled user dll's ...
Registered in 0.004478 seconds.
Begin MonoManager ReloadAssembly
Symbol file LoadedFromMemory doesn't match image C:\Users\Ben\Projects\Flicker\Demo\Library\PackageCache\com.unity.visualscripting@1.6.1\Editor\VisualScripting.Core\Dependencies\YamlDotNet\Unity.VisualScripting.YamlDotNet.dll
Symbol file LoadedFromMemory doesn't match image C:\Users\Ben\Projects\Flicker\Demo\Library\PackageCache\com.unity.visualscripting@1.6.1\Editor\VisualScripting.Core\Dependencies\DotNetZip\Unity.VisualScripting.IonicZip.dll
Native extension for LinuxStandalone target not found
Native extension for WindowsStandalone target not found
Native extension for OSXStandalone target not found
Native extension for WebGL target not found
Refreshing native plugins compatible for Editor in 0.69 ms, found 3 plugins.
Preloading 0 native plugins for Editor in 0.00 ms.
Mono: successfully reloaded assembly
- Completed reload, in  0.898 seconds
Domain Reload Profiling:
	ReloadAssembly (898ms)
		BeginReloadAssembly (95ms)
			ExecutionOrderSort (0ms)
			DisableScriptedObjects (4ms)
			BackupInstance (0ms)
			ReleaseScriptingObjects (0ms)
			CreateAndSetChildDomain (30ms)
		EndReloadAssembly (750ms)
			LoadAssemblies (68ms)
			RebuildTransferFunctionScriptingTraits (0ms)
			SetupTypeCache (294ms)
			ReleaseScriptCaches (1ms)
			RebuildScriptCaches (35ms)
			SetupLoadedEditorAssemblies (263ms)
				LogAssemblyErrors (0ms)
				InitializePlatformSupportModulesInManaged (6ms)
				SetLoadedEditorAssemblies (1ms)
				RefreshPlugins (1ms)
				BeforeProcessingInitializeOnLoad (44ms)
				ProcessInitializeOnLoadAttributes (202ms)
				ProcessInitializeOnLoadMethodAttributes (3ms)
				AfterProcessingInitializeOnLoad (5ms)
				EditorAssembliesLoaded (0ms)
			ExecutionOrderSort2 (0ms)
			AwakeInstancesAfterBackupRestoration (6ms)
Platform modules already initialized, skipping
Refreshing native plugins compatible for Editor in 1.12 ms, found 3 plugins.
Preloading 0 native plugins for Editor in 0.00 ms.
Unloading 3262 Unused Serialized files (Serialized files now loaded: 0)
System memory in use before: 140.7 MB.
System memory in use after: 140.9 MB.

Unloading 19 unused Assets to reduce memory usage. Loaded Objects now: 3755.
Total: 2.242300 ms (FindLiveObjects: 0.287600 ms CreateObjectMapping: 0.078400 ms MarkObjects: 1.815700 ms  DeleteObjects: 0.059500 ms)

AssetImportParameters requested are different than current active one (requested -> active):
  custom:framework-win-MediaFoundation: 216162199b28c13a410421893ffa2e32 -> 
  custom:video-decoder-ogg-theora: a1e56fd34408186e4bbccfd4996cb3dc -> 
  custom:container-muxer-webm: aa71ff27fc2769a1b78a27578f13a17b -> 
  custom:container-demuxer-webm: 4f35f7cbe854078d1ac9338744f61a02 -> 
  custom:container-demuxer-ogg: 62fdf1f143b41e24485cea50d1cbac27 -> 
  custom:video-encoder-webm-vp8: eb34c28f22e8b96e1ab97ce403110664 -> 
  custom:video-decoder-webm-vp8: 9c59270c3fd7afecdb556c50c9e8de78 -> 
  custom:audio-decoder-ogg-vorbis: bf7c407c2cedff20999df2af8eb42d56 -> 
  custom:audio-encoder-webm-vorbis: bf7c407c2cedff20999df2af8eb42d56 -> 
========================================================================
Received Prepare
Registering precompiled user dll's ...
Registered in 0.004432 seconds.
Begin MonoManager ReloadAssembly
Symbol file LoadedFromMemory doesn't match image C:\Users\Ben\Projects\Flicker\Demo\Library\PackageCache\com.unity.visualscripting@1.6.1\Editor\VisualScripting.Core\Dependencies\YamlDotNet\Unity.VisualScripting.YamlDotNet.dll
Symbol file LoadedFromMemory doesn't match image C:\Users\Ben\Projects\Flicker\Demo\Library\PackageCache\com.unity.visualscripting@1.6.1\Editor\VisualScripting.Core\Dependencies\DotNetZip\Unity.VisualScripting.IonicZip.dll
Native extension for LinuxStandalone target not found
Native extension for WindowsStandalone target not found
Native extension for OSXStandalone target not found
Native extension for WebGL target not found
Refreshing native plugins compatible for Editor in 0.71 ms, found 3 plugins.
Preloading 0 native plugins for Editor in 0.00 ms.
Mono: successfully reloaded assembly
- Completed reload, in  0.897 seconds
Domain Reload Profiling:
	ReloadAssembly (897ms)
		BeginReloadAssembly (96ms)
			ExecutionOrderSort (0ms)
			DisableScriptedObjects (4ms)
			BackupInstance (0ms)
			ReleaseScriptingObjects (0ms)
			CreateAndSetChildDomain (30ms)
		EndReloadAssembly (749ms)
			LoadAssemblies (69ms)
			RebuildTransferFunctionScriptingTraits (0ms)
			SetupTypeCache (284ms)
			ReleaseScriptCaches (1ms)
			RebuildScriptCaches (35ms)
			SetupLoadedEditorAssemblies (266ms)
				LogAssemblyErrors (0ms)
				InitializePlatformSupportModulesInManaged (7ms)
				SetLoadedEditorAssemblies (0ms)
				RefreshPlugins (1ms)
				BeforeProcessingInitializeOnLoad (46ms)
				ProcessInitializeOnLoadAttributes (204ms)
				ProcessInitializeOnLoadMethodAttributes (3ms)
				AfterProcessingInitializeOnLoad (5ms)
				EditorAssembliesLoaded (0ms)
			ExecutionOrderSort2 (0ms)
			AwakeInstancesAfterBackupRestoration (5ms)
Platform modules already initialized, skipping
Refreshing native plugins compatible for Editor in 0.69 ms, found 3 plugins.
Preloading 0 native plugins for Editor in 0.00 ms.
Unloading 3262 Unused Serialized files (Serialized files now loaded: 0)
System memory in use before: 140.7 MB.
System memory in use after: 140.9 MB.

Unloading 18 unused Assets to reduce memory usage. Loaded Objects now: 3758.
Total: 2.274600 ms (FindLiveObjects: 0.323800 ms CreateObjectMapping: 0.079900 ms MarkObjects: 1.814400 ms  DeleteObjects: 0.055400 ms)

AssetImportParameters requested are different than current active one (requested -> active):
  custom:framework-win-MediaFoundation: 216162199b28c13a410421893ffa2e32 -> 
  custom:video-decoder-ogg-theora: a1e56fd34408186e4bbccfd4996cb3dc -> 
  custom:container-muxer-webm: aa71ff27fc2769a1b78a27578f13a17b -> 
  custom:container-demuxer-webm: 4f35f7cbe854078d1ac9338744f61a02 -> 
  custom:container-demuxer-ogg: 62fdf1f143b41e24485cea50d1cbac27 -> 
  custom:video-encoder-webm-vp8: eb34c28f22e8b96e1ab97ce403110664 -> 
  custom:video-decoder-webm-vp8: 9c59270c3fd7afecdb556c50c9e8de78 -> 
  custom:audio-decoder-ogg-vorbis: bf7c407c2cedff20999df2af8eb42d56 -> 
  custom:audio-encoder-webm-vorbis: bf7c407c2cedff20999df2af8eb42d56 -> 
========================================================================
Received Import Request.
  Time since last request: 58.602401 seconds.
  path: Assets/Flicker/FlickerMenu.cs
  artifactKey: Guid(adc19d6abab845bb9aa511657200b504) Importer(815301076,1909f56bfc062723c751e8b465ee728b)
Start importing Assets/Flicker/FlickerMenu.cs using Guid(adc19d6abab845bb9aa511657200b504) Importer(815301076,1909f56bfc062723c751e8b465ee728b)  -> (artifact id: '3defde3fee75829e893973ea2a343da2') in 0.008063 seconds 
========================================================================
Received Prepare
Registering precompiled user dll's ...
Registered in 0.004399 seconds.
Begin MonoManager ReloadAssembly
Symbol file LoadedFromMemory doesn't match image C:\Users\Ben\Projects\Flicker\Demo\Library\PackageCache\com.unity.visualscripting@1.6.1\Editor\VisualScripting.Core\Dependencies\YamlDotNet\Unity.VisualScripting.YamlDotNet.dll
Symbol file LoadedFromMemory doesn't match image C:\Users\Ben\Projects\Flicker\Demo\Library\PackageCache\com.unity.visualscripting@1.6.1\Editor\VisualScripting.Core\Dependencies\DotNetZip\Unity.VisualScripting.IonicZip.dll
Native extension for LinuxStandalone target not found
Native extension for WindowsStandalone target not found
Native extension for OSXStandalone target not found
Native extension for WebGL target not found
Refreshing native plugins compatible for Editor in 0.62 ms, found 3 plugins.
Preloading 0 native plugins for Editor in 0.00 ms.
Mono: successfully reloaded assembly
- Completed reload, in  0.877 seconds
Domain Reload Profiling:
	ReloadAssembly (877ms)
		BeginReloadAssembly (92ms)
			ExecutionOrderSort (0ms)
			DisableScriptedObjects (4ms)
			BackupInstance (0ms)
			ReleaseScriptingObjects (0ms)
			CreateAndSetChildDomain (31ms)
		EndReloadAssembly (733ms)
			LoadAssemblies (70ms)
			RebuildTransferFunctionScriptingTraits (0ms)
			SetupTypeCache (279ms)
			ReleaseScriptCaches (1ms)
			RebuildScriptCaches (34ms)
			SetupLoadedEditorAssemblies (262ms)
				LogAssemblyErrors (0ms)
				InitializePlatformSupportModulesInManaged (7ms)
				SetLoadedEditorAssemblies (0ms)
				RefreshPlugins (1ms)
				BeforeProcessingInitializeOnLoad (45ms)
				ProcessInitializeOnLoadAttributes (201ms)
				ProcessInitializeOnLoadMethodAttributes (3ms)
				AfterProcessingInitializeOnLoad (5ms)
				EditorAssembliesLoaded (0ms)
			ExecutionOrderSort2 (0ms)
			AwakeInstancesAfterBackupRestoration (5ms)
Platform modules already initialized, skipping
Refreshing native plugins compatible for Editor in 0.66 ms, found 3 plugins.
Preloading 0 native plugins for Editor in 0.00 ms.
Unloading 3262 Unused Serialized files (Serialized files now loaded: 0)
System memory in use before: 140.8 MB.
System memory in use after: 141.0 MB.

Unloading 18 unused Assets to reduce memory usage. Loaded Objects now: 3761.
Total: 2.222100 ms (FindLiveObjects: 0.287400 ms CreateObjectMapping: 0.080300 ms MarkObjects: 1.799600 ms  DeleteObjects: 0.053900 ms)

AssetImportParameters requested are different than current active one (requested -> active):
  custom:framework-win-MediaFoundation: 216162199b28c13a410421893ffa2e32 -> 
  custom:video-decoder-ogg-theora: a1e56fd34408186e4bbccfd4996cb3dc -> 
  custom:container-muxer-webm: aa71ff27fc2769a1b78a27578f13a17b -> 
  custom:container-demuxer-webm: 4f35f7cbe854078d1ac9338744f61a02 -> 
  custom:container-demuxer-ogg: 62fdf1f143b41e24485cea50d1cbac27 -> 
  custom:video-encoder-webm-vp8: eb34c28f22e8b96e1ab97ce403110664 -> 
  custom:video-decoder-webm-vp8: 9c59270c3fd7afecdb556c50c9e8de78 -> 
  custom:audio-decoder-ogg-vorbis: bf7c407c2cedff20999df2af8eb42d56 -> 
  custom:audio-encoder-webm-vorbis: bf7c407c2cedff20999df2af8eb42d56 -> 
========================================================================
Received Import Request.
  Time since last request: 53.102910 seconds.
  path: Assets/Flicker/New Folder
  artifactKey: Guid(b666d18749ac58147ae56a443e0a6cdd) Importer(815301076,1909f56bfc062723c751e8b465ee728b)
Start importing Assets/Flicker/New Folder using Guid(b666d18749ac58147ae56a443e0a6cdd) Importer(815301076,1909f56bfc062723c751e8b465ee728b)  -> (artifact id: 'ae1e3f3b506abab8c2a22172254674a9') in 0.008373 seconds 
========================================================================
Received Import Request.
  Time since last request: 13.239347 seconds.
  path: Assets/Flicker/scriptable objects
  artifactKey: Guid(b666d18749ac58147ae56a443e0a6cdd) Importer(815301076,1909f56bfc062723c751e8b465ee728b)
Start importing Assets/Flicker/scriptable objects using Guid(b666d18749ac58147ae56a443e0a6cdd) Importer(815301076,1909f56bfc062723c751e8b465ee728b)  -> (artifact id: '1a2bac013ba40740eae05381ee62db05') in 0.005273 seconds 
========================================================================
Received Import Request.
  Time since last request: 26.878017 seconds.
  path: Assets/Flicker/Flick.cs
  artifactKey: Guid(d7cc7d9641e6b394683ff6f48f7be6eb) Importer(815301076,1909f56bfc062723c751e8b465ee728b)
Start importing Assets/Flicker/Flick.cs using Guid(d7cc7d9641e6b394683ff6f48f7be6eb) Importer(815301076,1909f56bfc062723c751e8b465ee728b)  -> (artifact id: '9852f3bfe855b9fcc0132deb1d40ffbb') in 0.004777 seconds 
========================================================================
Received Import Request.
  Time since last request: 235.982450 seconds.
  path: Assets/Flicker/FlickerInput.cs
  artifactKey: Guid(baabaa6756044f04187220f010f918fb) Importer(815301076,1909f56bfc062723c751e8b465ee728b)
Start importing Assets/Flicker/FlickerInput.cs using Guid(baabaa6756044f04187220f010f918fb) Importer(815301076,1909f56bfc062723c751e8b465ee728b)  -> (artifact id: '0c1a7826f485fdf79877f4846d47a6d0') in 0.004904 seconds 
========================================================================
Received Import Request.
  Time since last request: 12.401537 seconds.
  path: Assets/Flicker/FlickerInput.cs
  artifactKey: Guid(baabaa6756044f04187220f010f918fb) Importer(815301076,1909f56bfc062723c751e8b465ee728b)
Start importing Assets/Flicker/FlickerInput.cs using Guid(baabaa6756044f04187220f010f918fb) Importer(815301076,1909f56bfc062723c751e8b465ee728b)  -> (artifact id: '4a64261837b6278dde1006741e28db90') in 0.002099 seconds 
========================================================================
Received Prepare
Registering precompiled user dll's ...
Registered in 0.006147 seconds.
Begin MonoManager ReloadAssembly
Symbol file LoadedFromMemory doesn't match image C:\Users\Ben\Projects\Flicker\Demo\Library\PackageCache\com.unity.visualscripting@1.6.1\Editor\VisualScripting.Core\Dependencies\YamlDotNet\Unity.VisualScripting.YamlDotNet.dll
Symbol file LoadedFromMemory doesn't match image C:\Users\Ben\Projects\Flicker\Demo\Library\PackageCache\com.unity.visualscripting@1.6.1\Editor\VisualScripting.Core\Dependencies\DotNetZip\Unity.VisualScripting.IonicZip.dll
Native extension for LinuxStandalone target not found
Native extension for WindowsStandalone target not found
Native extension for OSXStandalone target not found
Native extension for WebGL target not found
Refreshing native plugins compatible for Editor in 0.64 ms, found 3 plugins.
Preloading 0 native plugins for Editor in 0.00 ms.
Mono: successfully reloaded assembly
- Completed reload, in  0.879 seconds
Domain Reload Profiling:
	ReloadAssembly (879ms)
		BeginReloadAssembly (102ms)
			ExecutionOrderSort (0ms)
			DisableScriptedObjects (4ms)
			BackupInstance (0ms)
			ReleaseScriptingObjects (0ms)
			CreateAndSetChildDomain (29ms)
		EndReloadAssembly (726ms)
			LoadAssemblies (68ms)
			RebuildTransferFunctionScriptingTraits (0ms)
			SetupTypeCache (275ms)
			ReleaseScriptCaches (1ms)
			RebuildScriptCaches (33ms)
			SetupLoadedEditorAssemblies (259ms)
				LogAssemblyErrors (0ms)
				InitializePlatformSupportModulesInManaged (7ms)
				SetLoadedEditorAssemblies (0ms)
				RefreshPlugins (1ms)
				BeforeProcessingInitializeOnLoad (43ms)
				ProcessInitializeOnLoadAttributes (200ms)
				ProcessInitializeOnLoadMethodAttributes (4ms)
				AfterProcessingInitializeOnLoad (5ms)
				EditorAssembliesLoaded (0ms)
			ExecutionOrderSort2 (0ms)
			AwakeInstancesAfterBackupRestoration (6ms)
Platform modules already initialized, skipping
Refreshing native plugins compatible for Editor in 0.62 ms, found 3 plugins.
Preloading 0 native plugins for Editor in 0.00 ms.
Unloading 3262 Unused Serialized files (Serialized files now loaded: 0)
System memory in use before: 140.8 MB.
System memory in use after: 141.0 MB.

Unloading 18 unused Assets to reduce memory usage. Loaded Objects now: 3764.
Total: 2.171800 ms (FindLiveObjects: 0.258600 ms CreateObjectMapping: 0.078300 ms MarkObjects: 1.785300 ms  DeleteObjects: 0.048800 ms)

AssetImportParameters requested are different than current active one (requested -> active):
  custom:framework-win-MediaFoundation: 216162199b28c13a410421893ffa2e32 -> 
  custom:video-decoder-ogg-theora: a1e56fd34408186e4bbccfd4996cb3dc -> 
  custom:container-muxer-webm: aa71ff27fc2769a1b78a27578f13a17b -> 
  custom:container-demuxer-webm: 4f35f7cbe854078d1ac9338744f61a02 -> 
  custom:container-demuxer-ogg: 62fdf1f143b41e24485cea50d1cbac27 -> 
  custom:video-encoder-webm-vp8: eb34c28f22e8b96e1ab97ce403110664 -> 
  custom:video-decoder-webm-vp8: 9c59270c3fd7afecdb556c50c9e8de78 -> 
  custom:audio-decoder-ogg-vorbis: bf7c407c2cedff20999df2af8eb42d56 -> 
  custom:audio-encoder-webm-vorbis: bf7c407c2cedff20999df2af8eb42d56 -> 
========================================================================
Received Import Request.
  Time since last request: 163.328320 seconds.
  path: Assets/Flicker/scriptable objects/SC0220FF2024.asset
  artifactKey: Guid(e12a84442dd071f45a6beacbd290c199) Importer(815301076,1909f56bfc062723c751e8b465ee728b)
Start importing Assets/Flicker/scriptable objects/SC0220FF2024.asset using Guid(e12a84442dd071f45a6beacbd290c199) Importer(815301076,1909f56bfc062723c751e8b465ee728b)  -> (artifact id: 'a3a83bf00d7470dc17e468f51c367b01') in 0.012349 seconds 
========================================================================
Received Import Request.
  Time since last request: 29.867853 seconds.
  path: Assets/Flicker/scriptable objects/Flick Book.asset
  artifactKey: Guid(8c607138ee96fa949a34a62125c5f753) Importer(815301076,1909f56bfc062723c751e8b465ee728b)
Start importing Assets/Flicker/scriptable objects/Flick Book.asset using Guid(8c607138ee96fa949a34a62125c5f753) Importer(815301076,1909f56bfc062723c751e8b465ee728b)  -> (artifact id: 'ba76d3ae9ebebf4817b48f31275a6f66') in 0.005195 seconds 
========================================================================
Received Import Request.
  Time since last request: 18.203563 seconds.
  path: Assets/Flicker/scriptable objects/Flick.asset
  artifactKey: Guid(4f969213dea8c6a4cba76d047d171112) Importer(815301076,1909f56bfc062723c751e8b465ee728b)
Start importing Assets/Flicker/scriptable objects/Flick.asset using Guid(4f969213dea8c6a4cba76d047d171112) Importer(815301076,1909f56bfc062723c751e8b465ee728b)  -> (artifact id: '254521041e2e539288a5229b04e86742') in 0.007476 seconds 
========================================================================
Received Import Request.
  Time since last request: 47.605666 seconds.
  path: Assets/Flicker/scriptable objects/Fireball.asset
  artifactKey: Guid(4f969213dea8c6a4cba76d047d171112) Importer(815301076,1909f56bfc062723c751e8b465ee728b)
Start importing Assets/Flicker/scriptable objects/Fireball.asset using Guid(4f969213dea8c6a4cba76d047d171112) Importer(815301076,1909f56bfc062723c751e8b465ee728b)  -> (artifact id: '8629ce9b687cd5c9cc5849d1125a8928') in 0.005387 seconds 
========================================================================
Received Import Request.
  Time since last request: 5.566607 seconds.
  path: Assets/Demo/Images/Flick Icons/Flick 1.png
  artifactKey: Guid(1d937eadf6569ec45bd58de4913128f7) Importer(815301076,1909f56bfc062723c751e8b465ee728b)
Start importing Assets/Demo/Images/Flick Icons/Flick 1.png using Guid(1d937eadf6569ec45bd58de4913128f7) Importer(815301076,1909f56bfc062723c751e8b465ee728b)  -> (artifact id: 'd643cd5a4c4429b101d882e9a9e0195d') in 0.096064 seconds 
========================================================================
Received Import Request.
  Time since last request: 0.000147 seconds.
  path: Assets/Demo/Images/Flick Icons/Flick 5.png
  artifactKey: Guid(4c4856780fea9844d92ab10cf09a017d) Importer(815301076,1909f56bfc062723c751e8b465ee728b)
Start importing Assets/Demo/Images/Flick Icons/Flick 5.png using Guid(4c4856780fea9844d92ab10cf09a017d) Importer(815301076,1909f56bfc062723c751e8b465ee728b)  -> (artifact id: 'a7b4853f652216fe6af3543157be50e3') in 0.015775 seconds 
========================================================================
Received Import Request.
  Time since last request: 0.000167 seconds.
  path: Assets/Demo/Images/Flick Icons/Flick 6.png
  artifactKey: Guid(b786b97356c397449935c14bd08f35d2) Importer(815301076,1909f56bfc062723c751e8b465ee728b)
Start importing Assets/Demo/Images/Flick Icons/Flick 6.png using Guid(b786b97356c397449935c14bd08f35d2) Importer(815301076,1909f56bfc062723c751e8b465ee728b)  -> (artifact id: 'a06a2a5a5c593855a6b281be6bcfd991') in 0.012633 seconds 
========================================================================
Received Import Request.
  Time since last request: 0.000173 seconds.
  path: Assets/Demo/Images/Flick Icons/Flick 3.png
  artifactKey: Guid(6b5560bb023e37344b85eb016c5f1387) Importer(815301076,1909f56bfc062723c751e8b465ee728b)
Start importing Assets/Demo/Images/Flick Icons/Flick 3.png using Guid(6b5560bb023e37344b85eb016c5f1387) Importer(815301076,1909f56bfc062723c751e8b465ee728b)  -> (artifact id: '45edfdd96192e16c5373504e6a45c255') in 0.014753 seconds 
========================================================================
Received Import Request.
  Time since last request: 0.000150 seconds.
  path: Assets/Demo/Images/Flick Icons/Flick 7.png
  artifactKey: Guid(7c0f8efdee8fb7d4296ff30195f14f6d) Importer(815301076,1909f56bfc062723c751e8b465ee728b)
Start importing Assets/Demo/Images/Flick Icons/Flick 7.png using Guid(7c0f8efdee8fb7d4296ff30195f14f6d) Importer(815301076,1909f56bfc062723c751e8b465ee728b)  -> (artifact id: 'dbd7b3d34c674ed4f4908e3ad00e11d4') in 0.012594 seconds 
========================================================================
Received Import Request.
  Time since last request: 0.000176 seconds.
  path: Assets/Demo/Images/Flick Icons/Flick 2.png
  artifactKey: Guid(1c2cf3585eaa4994dbf4527848274580) Importer(815301076,1909f56bfc062723c751e8b465ee728b)
Start importing Assets/Demo/Images/Flick Icons/Flick 2.png using Guid(1c2cf3585eaa4994dbf4527848274580) Importer(815301076,1909f56bfc062723c751e8b465ee728b)  -> (artifact id: 'e2bea119c80c0ad4a6b3543da51796a7') in 0.011885 seconds 
========================================================================
Received Import Request.
  Time since last request: 0.000212 seconds.
  path: Assets/Demo/Images/Flick Icons/Flick 8.png
  artifactKey: Guid(f8626c6692dbe7d4cb51d060827af7db) Importer(815301076,1909f56bfc062723c751e8b465ee728b)
Start importing Assets/Demo/Images/Flick Icons/Flick 8.png using Guid(f8626c6692dbe7d4cb51d060827af7db) Importer(815301076,1909f56bfc062723c751e8b465ee728b)  -> (artifact id: '0d57f7adb8014aae6e6d2cce9fe22575') in 0.012369 seconds 
========================================================================
Received Import Request.
  Time since last request: 0.000171 seconds.
  path: Assets/Demo/Images/Flick Icons/Flick 4.png
  artifactKey: Guid(8ba613ad30956ab4c99cce6683ac8c55) Importer(815301076,1909f56bfc062723c751e8b465ee728b)
Start importing Assets/Demo/Images/Flick Icons/Flick 4.png using Guid(8ba613ad30956ab4c99cce6683ac8c55) Importer(815301076,1909f56bfc062723c751e8b465ee728b)  -> (artifact id: 'efb25f89a375fa7e1b7472f518fbfb30') in 0.011816 seconds 
========================================================================
Received Import Request.
  Time since last request: 0.825753 seconds.
  path: Assets/Demo/Images/Flick Icons/Flick 9.png
  artifactKey: Guid(85c3ad56b5af00d4a91aab5059b82624) Importer(815301076,1909f56bfc062723c751e8b465ee728b)
Start importing Assets/Demo/Images/Flick Icons/Flick 9.png using Guid(85c3ad56b5af00d4a91aab5059b82624) Importer(815301076,1909f56bfc062723c751e8b465ee728b)  -> (artifact id: '919dc44702624fbce80769395069362d') in 0.020531 seconds 
========================================================================
Received Import Request.
  Time since last request: 0.000140 seconds.
  path: Assets/Demo/Images/Flick Icons/Flick 10.png
  artifactKey: Guid(24ec410bb030fff449dd01d69299e363) Importer(815301076,1909f56bfc062723c751e8b465ee728b)
Start importing Assets/Demo/Images/Flick Icons/Flick 10.png using Guid(24ec410bb030fff449dd01d69299e363) Importer(815301076,1909f56bfc062723c751e8b465ee728b)  -> (artifact id: '5af3edc818c14440f7e800a189dd86ce') in 0.010499 seconds 
========================================================================
Received Import Request.
  Time since last request: 0.096633 seconds.
  path: Assets/Demo/Images/Flick Icons/Flick 11.png
  artifactKey: Guid(6103b1c6605e6054283eb28704c694c0) Importer(815301076,1909f56bfc062723c751e8b465ee728b)
Start importing Assets/Demo/Images/Flick Icons/Flick 11.png using Guid(6103b1c6605e6054283eb28704c694c0) Importer(815301076,1909f56bfc062723c751e8b465ee728b)  -> (artifact id: 'cf2d6592863446b03e580bc8a2ce04b4') in 0.010705 seconds 
========================================================================
Received Import Request.
  Time since last request: 0.000150 seconds.
  path: Assets/Demo/Images/Flick Icons/Flick 12.png
  artifactKey: Guid(bcf1e121e576f664d91bf6b5b4c02ce9) Importer(815301076,1909f56bfc062723c751e8b465ee728b)
Start importing Assets/Demo/Images/Flick Icons/Flick 12.png using Guid(bcf1e121e576f664d91bf6b5b4c02ce9) Importer(815301076,1909f56bfc062723c751e8b465ee728b)  -> (artifact id: '2248402005f5d94b30975a490fb3f16b') in 0.010932 seconds 
========================================================================
Received Import Request.
  Time since last request: 15.550903 seconds.
  path: Assets/Demo/ScriptableObjects/SpellItems/Spells/FireBall.asset
  artifactKey: Guid(19b25969a463ca44baf24e8d9c5f8f90) Importer(815301076,1909f56bfc062723c751e8b465ee728b)
Start importing Assets/Demo/ScriptableObjects/SpellItems/Spells/FireBall.asset using Guid(19b25969a463ca44baf24e8d9c5f8f90) Importer(815301076,1909f56bfc062723c751e8b465ee728b)  -> (artifact id: '1964ca095e58d285b84dfdf2f9264502') in 0.018816 seconds 
AssetImportWorkerClient::OnTransportError - code=2 error=End of file
